<?xml version="1.0" encoding="UTF-8"?>
<testsuite name="majorproject.test.model.JsonWeatherParserTest" tests="2" skipped="0" failures="0" errors="0" timestamp="2023-07-06T08:12:06" hostname="Lukes-Air.modem" time="0.121">
  <properties/>
  <testcase name="testParseCurrentWeatherDataToJsonString()" classname="majorproject.test.model.JsonWeatherParserTest" time="0.071"/>
  <testcase name="testParseJsonStringToCurrentWeatherData()" classname="majorproject.test.model.JsonWeatherParserTest" time="0.048"/>
  <system-out><![CDATA[]]></system-out>
  <system-err><![CDATA[]]></system-err>
</testsuite>
