<?xml version="1.0" encoding="UTF-8"?>
<testsuite name="majorproject.test.model.LocationsFileLoaderTest" tests="3" skipped="0" failures="0" errors="0" timestamp="2023-07-06T08:12:08" hostname="Lukes-Air.modem" time="0.026">
  <properties/>
  <testcase name="testLoadedSimpleLocations()" classname="majorproject.test.model.LocationsFileLoaderTest" time="0.02"/>
  <testcase name="testLoadingCitiesWithMissingFields()" classname="majorproject.test.model.LocationsFileLoaderTest" time="0.003"/>
  <testcase name="testCreatedEnoughCityLocations()" classname="majorproject.test.model.LocationsFileLoaderTest" time="0.001"/>
  <system-out><![CDATA[]]></system-out>
  <system-err><![CDATA[]]></system-err>
</testsuite>
